\BOOKMARK [0][-]{chapter.1}{\376\377\000U\000s\000e\000r\000\040\000M\000a\000n\000u\000a\000l}{}% 1
\BOOKMARK [1][-]{section.1.1}{\376\377\000O\000v\000e\000r\000v\000i\000e\000w}{chapter.1}% 2
\BOOKMARK [1][-]{section.1.2}{\376\377\000I\000n\000s\000t\000a\000l\000l\000a\000t\000i\000o\000n\000\040\000G\000u\000i\000d\000e}{chapter.1}% 3
\BOOKMARK [2][-]{subsection.1.2.1}{\376\377\000I\000n\000s\000t\000a\000l\000l\000i\000n\000g\000\040\000p\000y\000t\000h\000o\000n\000\040\000i\000n\000t\000e\000r\000p\000r\000e\000t\000e\000r\000\040\000a\000n\000d\000\040\000d\000e\000p\000e\000n\000d\000e\000n\000c\000i\000e\000s}{section.1.2}% 4
\BOOKMARK [2][-]{subsection.1.2.2}{\376\377\000I\000n\000s\000t\000a\000l\000l\000i\000n\000g\000\040\000M\000O\000U\000S\000E}{section.1.2}% 5
\BOOKMARK [1][-]{section.1.3}{\376\377\000B\000a\000s\000i\000c\000\040\000U\000s\000a\000g\000e}{chapter.1}% 6
\BOOKMARK [1][-]{section.1.4}{\376\377\000B\000a\000s\000i\000c\000\040\000S\000e\000t\000t\000i\000n\000g\000s}{chapter.1}% 7
\BOOKMARK [0][-]{chapter.2}{\376\377\000M\000O\000U\000S\000E\000\040\000U\000s\000e\000r\000\040\000M\000a\000n\000u\000a\000l}{}% 8
\BOOKMARK [1][-]{section.2.1}{\376\377\000O\000v\000e\000r\000v\000i\000e\000w}{chapter.2}% 9
\BOOKMARK [1][-]{section.2.2}{\376\377\000M\000O\000U\000S\000E\000\040\000U\000s\000a\000g\000e}{chapter.2}% 10
\BOOKMARK [1][-]{section.2.3}{\376\377\000M\000O\000U\000S\000E\000\040\000D\000o\000c\000u\000m\000e\000n\000t\000a\000t\000i\000o\000n}{chapter.2}% 11
\BOOKMARK [1][-]{section.2.4}{\376\377\000M\000o\000d\000u\000l\000e\000s\000\040\000D\000o\000c\000u\000m\000e\000n\000t\000a\000t\000i\000o\000n}{chapter.2}% 12
\BOOKMARK [2][-]{subsection.2.4.1}{\376\377\000M\000o\000d\000u\000l\000e\000s\000.\000M\000o\000d\000u\000l\000e\000\137\000A\000B\000A\000Q\000U\000S\000\040\000m\000o\000d\000u\000l\000e}{section.2.4}% 13
\BOOKMARK [2][-]{subsection.2.4.2}{\376\377\000M\000o\000d\000u\000l\000e\000s\000.\000M\000o\000d\000u\000l\000e\000\137\000H\000O\000D\000S\000\040\000m\000o\000d\000u\000l\000e}{section.2.4}% 14
\BOOKMARK [2][-]{subsection.2.4.3}{\376\377\000M\000o\000d\000u\000l\000e\000s\000.\000M\000o\000d\000u\000l\000e\000\137\000O\000S\000T\000R\000I\000C\000H\000\040\000m\000o\000d\000u\000l\000e}{section.2.4}% 15
\BOOKMARK [2][-]{subsection.2.4.4}{\376\377\000M\000o\000d\000u\000l\000e\000s\000.\000M\000o\000d\000u\000l\000e\000\137\000U\000D\000E\000C\000\040\000m\000o\000d\000u\000l\000e}{section.2.4}% 16
\BOOKMARK [2][-]{subsection.2.4.5}{\376\377\000M\000o\000d\000u\000l\000e\000s\000.\000B\000a\000s\000e\000\040\000m\000o\000d\000u\000l\000e}{section.2.4}% 17
\BOOKMARK [0][-]{chapter.3}{\376\377\000H\000O\000D\000S\000\040\000R\000e\000f\000e\000r\000e\000n\000c\000e\000\040\000M\000a\000n\000u\000a\000l}{}% 18
\BOOKMARK [1][-]{section.3.1}{\376\377\000M\000o\000d\000u\000l\000e\000s\000.\000H\000O\000D\000S\000\040\000p\000a\000c\000k\000a\000g\000e}{chapter.3}% 19
\BOOKMARK [2][-]{subsection.3.1.1}{\376\377\000S\000u\000b\000m\000o\000d\000u\000l\000e\000s}{section.3.1}% 20
\BOOKMARK [2][-]{subsection.3.1.2}{\376\377\000M\000o\000d\000u\000l\000e\000s\000.\000H\000O\000D\000S\000.\000H\000O\000D\000S\000\040\000m\000o\000d\000u\000l\000e}{section.3.1}% 21
\BOOKMARK [2][-]{subsection.3.1.3}{\376\377\000M\000o\000d\000u\000l\000e\000\040\000c\000o\000n\000t\000e\000n\000t\000s}{section.3.1}% 22
\BOOKMARK [0][-]{chapter.4}{\376\377\000I\000n\000d\000i\000c\000e\000s\000\040\000a\000n\000d\000\040\000t\000a\000b\000l\000e\000s}{}% 23
\BOOKMARK [0][-]{section*.151}{\376\377\000P\000y\000t\000h\000o\000n\000\040\000M\000o\000d\000u\000l\000e\000\040\000I\000n\000d\000e\000x}{}% 24
